c:\users\nhattuan-pc\desktop\buoi-1-oop-in-cpp-on-tap-ktlt\project2\debug\vc142.pdb
c:\users\nhattuan-pc\desktop\buoi-1-oop-in-cpp-on-tap-ktlt\project2\debug\vc142.idb
c:\users\nhattuan-pc\desktop\buoi-1-oop-in-cpp-on-tap-ktlt\project2\debug\main.obj
c:\users\nhattuan-pc\desktop\buoi-1-oop-in-cpp-on-tap-ktlt\project2\debug\ccrush.obj
c:\users\nhattuan-pc\desktop\buoi-1-oop-in-cpp-on-tap-ktlt\project2\debug\cphanso.obj
c:\users\nhattuan-pc\desktop\buoi-1-oop-in-cpp-on-tap-ktlt\debug\project2.exe
c:\users\nhattuan-pc\desktop\buoi-1-oop-in-cpp-on-tap-ktlt\debug\project2.ilk
c:\users\nhattuan-pc\desktop\buoi-1-oop-in-cpp-on-tap-ktlt\debug\project2.pdb
c:\users\nhattuan-pc\desktop\k08_online\project2\debug\ccrush.obj
c:\users\nhattuan-pc\desktop\k08_online\project2\debug\cphanso.obj
c:\users\nhattuan-pc\desktop\k08_online\project2\debug\main.obj
c:\users\nhattuan-pc\desktop\k08_online\project2\debug\vc142.idb
c:\users\nhattuan-pc\desktop\k08_online\project2\debug\vc142.pdb
c:\users\nhattuan-pc\desktop\k08_online\debug\project2.pdb
c:\users\nhattuan-pc\desktop\k08_online\debug\project2.exe
c:\users\nhattuan-pc\desktop\k08_online\debug\project2.ilk
c:\users\nhattuan-pc\desktop\k08_online\project2\debug\project2.tlog\cl.command.1.tlog
c:\users\nhattuan-pc\desktop\k08_online\project2\debug\project2.tlog\cl.read.1.tlog
c:\users\nhattuan-pc\desktop\k08_online\project2\debug\project2.tlog\cl.write.1.tlog
c:\users\nhattuan-pc\desktop\k08_online\project2\debug\project2.tlog\link.command.1.tlog
c:\users\nhattuan-pc\desktop\k08_online\project2\debug\project2.tlog\link.read.1.tlog
c:\users\nhattuan-pc\desktop\k08_online\project2\debug\project2.tlog\link.write.1.tlog
