c:\users\nhattuan-pc\desktop\buoi-1-oop-in-cpp-on-tap-ktlt\project3\debug\vc142.pdb
c:\users\nhattuan-pc\desktop\buoi-1-oop-in-cpp-on-tap-ktlt\project3\debug\vc142.idb
c:\users\nhattuan-pc\desktop\buoi-1-oop-in-cpp-on-tap-ktlt\project3\debug\source.obj
c:\users\nhattuan-pc\desktop\buoi-1-oop-in-cpp-on-tap-ktlt\project3\debug\cphanso.obj
c:\users\nhattuan-pc\desktop\buoi-1-oop-in-cpp-on-tap-ktlt\debug\project3.exe
c:\users\nhattuan-pc\desktop\buoi-1-oop-in-cpp-on-tap-ktlt\debug\project3.ilk
c:\users\nhattuan-pc\desktop\buoi-1-oop-in-cpp-on-tap-ktlt\debug\project3.pdb
c:\users\nhattuan-pc\desktop\k08_online\project3\debug\cphanso.obj
c:\users\nhattuan-pc\desktop\k08_online\project3\debug\source.obj
c:\users\nhattuan-pc\desktop\k08_online\project3\debug\vc142.idb
c:\users\nhattuan-pc\desktop\k08_online\project3\debug\vc142.pdb
c:\users\nhattuan-pc\desktop\k08_online\debug\project3.pdb
c:\users\nhattuan-pc\desktop\k08_online\debug\project3.exe
c:\users\nhattuan-pc\desktop\k08_online\debug\project3.ilk
c:\users\nhattuan-pc\desktop\k08_online\project3\debug\project3.tlog\cl.command.1.tlog
c:\users\nhattuan-pc\desktop\k08_online\project3\debug\project3.tlog\cl.read.1.tlog
c:\users\nhattuan-pc\desktop\k08_online\project3\debug\project3.tlog\cl.write.1.tlog
c:\users\nhattuan-pc\desktop\k08_online\project3\debug\project3.tlog\link.command.1.tlog
c:\users\nhattuan-pc\desktop\k08_online\project3\debug\project3.tlog\link.read.1.tlog
c:\users\nhattuan-pc\desktop\k08_online\project3\debug\project3.tlog\link.write.1.tlog
