c:\users\nhattuan-pc\desktop\buoi-1-oop-in-cpp-on-tap-ktlt\project5\debug\vc142.pdb
c:\users\nhattuan-pc\desktop\buoi-1-oop-in-cpp-on-tap-ktlt\project5\debug\vc142.idb
c:\users\nhattuan-pc\desktop\buoi-1-oop-in-cpp-on-tap-ktlt\project5\debug\cphanso.obj
c:\users\nhattuan-pc\desktop\buoi-1-oop-in-cpp-on-tap-ktlt\project5\debug\main.obj
c:\users\nhattuan-pc\desktop\buoi-1-oop-in-cpp-on-tap-ktlt\debug\project5.exe
c:\users\nhattuan-pc\desktop\buoi-1-oop-in-cpp-on-tap-ktlt\debug\project5.ilk
c:\users\nhattuan-pc\desktop\buoi-1-oop-in-cpp-on-tap-ktlt\debug\project5.pdb
c:\users\nhattuan-pc\desktop\k08_online\project5\debug\cphanso.obj
c:\users\nhattuan-pc\desktop\k08_online\project5\debug\main.obj
c:\users\nhattuan-pc\desktop\k08_online\project5\debug\vc142.idb
c:\users\nhattuan-pc\desktop\k08_online\project5\debug\vc142.pdb
c:\users\nhattuan-pc\desktop\k08_online\debug\project5.pdb
c:\users\nhattuan-pc\desktop\k08_online\debug\project5.exe
c:\users\nhattuan-pc\desktop\k08_online\debug\project5.ilk
c:\users\nhattuan-pc\desktop\k08_online\project5\debug\project5.tlog\cl.command.1.tlog
c:\users\nhattuan-pc\desktop\k08_online\project5\debug\project5.tlog\cl.read.1.tlog
c:\users\nhattuan-pc\desktop\k08_online\project5\debug\project5.tlog\cl.write.1.tlog
c:\users\nhattuan-pc\desktop\k08_online\project5\debug\project5.tlog\link.command.1.tlog
c:\users\nhattuan-pc\desktop\k08_online\project5\debug\project5.tlog\link.read.1.tlog
c:\users\nhattuan-pc\desktop\k08_online\project5\debug\project5.tlog\link.write.1.tlog
