c:\users\nhattuan-pc\desktop\buoi 5\k08_online\project6\debug\vc142.pdb
c:\users\nhattuan-pc\desktop\buoi 5\k08_online\project6\debug\vc142.idb
c:\users\nhattuan-pc\desktop\buoi 5\k08_online\project6\debug\source.obj
c:\users\nhattuan-pc\desktop\buoi 5\k08_online\project6\debug\cmeo.obj
c:\users\nhattuan-pc\desktop\buoi 5\k08_online\project6\debug\cga.obj
c:\users\nhattuan-pc\desktop\buoi 5\k08_online\project6\debug\cdongvat.obj
c:\users\nhattuan-pc\desktop\buoi 5\k08_online\project6\debug\ccho.obj
c:\users\nhattuan-pc\desktop\buoi 5\k08_online\project6\debug\cchoco.obj
c:\users\nhattuan-pc\desktop\buoi 5\k08_online\debug\project6.exe
c:\users\nhattuan-pc\desktop\buoi 5\k08_online\debug\project6.ilk
c:\users\nhattuan-pc\desktop\buoi 5\k08_online\debug\project6.pdb
c:\users\nhattuan-pc\desktop\k08_online\project6\debug\ccho.obj
c:\users\nhattuan-pc\desktop\k08_online\project6\debug\cchoco.obj
c:\users\nhattuan-pc\desktop\k08_online\project6\debug\cdongvat.obj
c:\users\nhattuan-pc\desktop\k08_online\project6\debug\cga.obj
c:\users\nhattuan-pc\desktop\k08_online\project6\debug\cmeo.obj
c:\users\nhattuan-pc\desktop\k08_online\project6\debug\source.obj
c:\users\nhattuan-pc\desktop\k08_online\project6\debug\vc142.idb
c:\users\nhattuan-pc\desktop\k08_online\project6\debug\vc142.pdb
c:\users\nhattuan-pc\desktop\k08_online\debug\project6.pdb
c:\users\nhattuan-pc\desktop\k08_online\debug\project6.exe
c:\users\nhattuan-pc\desktop\k08_online\debug\project6.ilk
c:\users\nhattuan-pc\desktop\k08_online\project6\debug\project6.tlog\cl.command.1.tlog
c:\users\nhattuan-pc\desktop\k08_online\project6\debug\project6.tlog\cl.read.1.tlog
c:\users\nhattuan-pc\desktop\k08_online\project6\debug\project6.tlog\cl.write.1.tlog
c:\users\nhattuan-pc\desktop\k08_online\project6\debug\project6.tlog\link.command.1.tlog
c:\users\nhattuan-pc\desktop\k08_online\project6\debug\project6.tlog\link.read.1.tlog
c:\users\nhattuan-pc\desktop\k08_online\project6\debug\project6.tlog\link.write.1.tlog
