c:\users\nhattuan-pc\desktop\buoi 5\k08_online\project7\debug\vc142.pdb
c:\users\nhattuan-pc\desktop\buoi 5\k08_online\project7\debug\vc142.idb
c:\users\nhattuan-pc\desktop\buoi 5\k08_online\project7\debug\clopcon.obj
c:\users\nhattuan-pc\desktop\buoi 5\k08_online\project7\debug\clopcha.obj
c:\users\nhattuan-pc\desktop\buoi 5\k08_online\project7\debug\source.obj
c:\users\nhattuan-pc\desktop\buoi 5\k08_online\debug\project7.exe
c:\users\nhattuan-pc\desktop\buoi 5\k08_online\debug\project7.ilk
c:\users\nhattuan-pc\desktop\buoi 5\k08_online\debug\project7.pdb
c:\users\nhattuan-pc\desktop\k08_online\project7\debug\clopcha.obj
c:\users\nhattuan-pc\desktop\k08_online\project7\debug\clopcon.obj
c:\users\nhattuan-pc\desktop\k08_online\project7\debug\source.obj
c:\users\nhattuan-pc\desktop\k08_online\project7\debug\vc142.idb
c:\users\nhattuan-pc\desktop\k08_online\project7\debug\vc142.pdb
c:\users\nhattuan-pc\desktop\k08_online\debug\project7.pdb
c:\users\nhattuan-pc\desktop\k08_online\debug\project7.exe
c:\users\nhattuan-pc\desktop\k08_online\debug\project7.ilk
c:\users\nhattuan-pc\desktop\k08_online\project7\debug\project7.tlog\cl.command.1.tlog
c:\users\nhattuan-pc\desktop\k08_online\project7\debug\project7.tlog\cl.read.1.tlog
c:\users\nhattuan-pc\desktop\k08_online\project7\debug\project7.tlog\cl.write.1.tlog
c:\users\nhattuan-pc\desktop\k08_online\project7\debug\project7.tlog\link.command.1.tlog
c:\users\nhattuan-pc\desktop\k08_online\project7\debug\project7.tlog\link.read.1.tlog
c:\users\nhattuan-pc\desktop\k08_online\project7\debug\project7.tlog\link.write.1.tlog
