c:\users\nhattuan-pc\desktop\buoi-1-oop-in-cpp-on-tap-ktlt\project4\debug\vc142.pdb
c:\users\nhattuan-pc\desktop\buoi-1-oop-in-cpp-on-tap-ktlt\project4\debug\vc142.idb
c:\users\nhattuan-pc\desktop\buoi-1-oop-in-cpp-on-tap-ktlt\project4\debug\source.obj
c:\users\nhattuan-pc\desktop\buoi-1-oop-in-cpp-on-tap-ktlt\project4\debug\cmyarray.obj
c:\users\nhattuan-pc\desktop\buoi-1-oop-in-cpp-on-tap-ktlt\debug\project4.exe
c:\users\nhattuan-pc\desktop\buoi-1-oop-in-cpp-on-tap-ktlt\debug\project4.ilk
c:\users\nhattuan-pc\desktop\buoi-1-oop-in-cpp-on-tap-ktlt\debug\project4.pdb
c:\users\nhattuan-pc\desktop\k08_online\project4\debug\cmyarray.obj
c:\users\nhattuan-pc\desktop\k08_online\project4\debug\source.obj
c:\users\nhattuan-pc\desktop\k08_online\project4\debug\vc142.idb
c:\users\nhattuan-pc\desktop\k08_online\project4\debug\vc142.pdb
c:\users\nhattuan-pc\desktop\k08_online\debug\project4.pdb
c:\users\nhattuan-pc\desktop\k08_online\debug\project4.exe
c:\users\nhattuan-pc\desktop\k08_online\debug\project4.ilk
c:\users\nhattuan-pc\desktop\k08_online\project4\debug\project4.tlog\cl.command.1.tlog
c:\users\nhattuan-pc\desktop\k08_online\project4\debug\project4.tlog\cl.read.1.tlog
c:\users\nhattuan-pc\desktop\k08_online\project4\debug\project4.tlog\cl.write.1.tlog
c:\users\nhattuan-pc\desktop\k08_online\project4\debug\project4.tlog\link.command.1.tlog
c:\users\nhattuan-pc\desktop\k08_online\project4\debug\project4.tlog\link.read.1.tlog
c:\users\nhattuan-pc\desktop\k08_online\project4\debug\project4.tlog\link.write.1.tlog
